# project ns (3.13) configured on Wed Oct 26 13:34:40 2016 by
# waf 1.6.7 (abi 98, python 2070cf0 on linux2)
# using ./waf configure --with-openflow=./openflow
#
----------------------------------------
Setting top to
/home/yann/291/Proj1/ntu-dsi-dcn-portland
----------------------------------------
Setting out to
/home/yann/291/Proj1/ntu-dsi-dcn-portland/build
----------------------------------------
Checking for 'gcc' (c compiler)
find program=['gcc', 'cc'] paths=['/home/yann/bin', '/home/yann/.local/bin', '/usr/local/sbin', '/usr/local/bin', '/usr/sbin', '/usr/bin', '/sbin', '/bin', '/usr/games', '/usr/local/games', '/snap/bin'] var='CC' -> '/usr/bin/gcc'
find program=['ar'] paths=['/home/yann/bin', '/home/yann/.local/bin', '/usr/local/sbin', '/usr/local/bin', '/usr/sbin', '/usr/bin', '/sbin', '/bin', '/usr/games', '/usr/local/games', '/snap/bin'] var='AR' -> '/usr/bin/ar'
/usr/bin/gcc
----------------------------------------
Checking for 'g++' (c++ compiler)
find program=['g++', 'c++'] paths=['/home/yann/bin', '/home/yann/.local/bin', '/usr/local/sbin', '/usr/local/bin', '/usr/sbin', '/usr/bin', '/sbin', '/bin', '/usr/games', '/usr/local/games', '/snap/bin'] var='CXX' -> '/usr/bin/g++'
(tool ar is already loaded, skipping)
/usr/bin/g++
----------------------------------------
Checking for program pkg-config
/usr/bin/pkg-config
find program=['pkg-config'] paths=['/home/yann/bin', '/home/yann/.local/bin', '/usr/local/sbin', '/usr/local/bin', '/usr/sbin', '/usr/bin', '/sbin', '/bin', '/usr/games', '/usr/local/games', '/snap/bin'] var='PKG_CONFIG' -> '/usr/bin/pkg-config'
---------------------------------------------------------
Checking for compilation flag -Wl,--soname=foo... support
==>
#include <stdio.h>
int main() { return 0; }

<==
[1/2] [32mcxx: build/.conf_check_fe0ca542f39064c5a14ee41a2e983996/test.cc -> build/.conf_check_fe0ca542f39064c5a14ee41a2e983996/testbuild/test.cc.1.o
[0m
['/usr/bin/g++', '-O0', '-ggdb', '-g3', '-Wall', '-Werror', '-Wl,--soname=foo', '-DNS3_ASSERT_ENABLE', '-DNS3_LOG_ENABLE', '../test.cc', '-c', '-o', 'test.cc.1.o']
[2/2] [33mcxxprogram: build/.conf_check_fe0ca542f39064c5a14ee41a2e983996/testbuild/test.cc.1.o -> build/.conf_check_fe0ca542f39064c5a14ee41a2e983996/testbuild/testprog
[0m
['/usr/bin/g++', 'test.cc.1.o', '-o', '/home/yann/291/Proj1/ntu-dsi-dcn-portland/build/.conf_check_fe0ca542f39064c5a14ee41a2e983996/testbuild/testprog', '-Wl,-Bstatic', '-Wl,-Bdynamic']
ok
---------------------------------------------------------
Checking for click location
not found
---------------------------------------------------------
Checking for pkg-config flags for GTK_CONFIG_STORE
['/usr/bin/pkg-config', '--cflags', '--libs', 'gtk+-2.0 >= 2.12']: '-pthread -I/usr/include/gtk-2.0 -I/usr/lib/x86_64-linux-gnu/gtk-2.0/include -I/usr/include/gio-unix-2.0/ -I/usr/include/cairo -I/usr/include/pango-1.0 -I/usr/include/atk-1.0 -I/usr/include/cairo -I/usr/include/pixman-1 -I/usr/include/libpng12 -I/usr/include/gdk-pixbuf-2.0 -I/usr/include/libpng12 -I/usr/include/pango-1.0 -I/usr/include/harfbuzz -I/usr/include/pango-1.0 -I/usr/include/glib-2.0 -I/usr/lib/x86_64-linux-gnu/glib-2.0/include -I/usr/include/freetype2 -lgtk-x11-2.0 -lgdk-x11-2.0 -lpangocairo-1.0 -latk-1.0 -lcairo -lgdk_pixbuf-2.0 -lgio-2.0 -lpangoft2-1.0 -lpango-1.0 -lgobject-2.0 -lglib-2.0 -lfontconfig -lfreetype\n' (exit code 0)

ok
---------------------------------------------------------
Checking for pkg-config flags for LIBXML2
['/usr/bin/pkg-config', '--cflags', '--libs', 'libxml-2.0 >= 2.6']: '-I/usr/include/libxml2 -lxml2\n' (exit code 0)

ok
---------------------------------------------------------
Checking for type uint128_t
==>
#include <stdint.h>

int main() {
	if ((uint128_t *) 0) return 0;
	if (sizeof (uint128_t)) return 0;
}

<==
[1/2] [32mcxx: build/.conf_check_9a9aa0a48a7447bdd461f06307f32dc7/test.cpp -> build/.conf_check_9a9aa0a48a7447bdd461f06307f32dc7/testbuild/test.cpp.1.o
[0m
['/usr/bin/g++', '-O0', '-ggdb', '-g3', '-Wall', '-Werror', '-DNS3_ASSERT_ENABLE', '-DNS3_LOG_ENABLE', '../test.cpp', '-c', '-o', 'test.cpp.1.o']
err: ../test.cpp: In function â€˜int main()â€™:
../test.cpp:4: error: â€˜uint128_tâ€™ was not declared in this scope
../test.cpp:4: error: expected primary-expression before â€˜)â€™ token
../test.cpp:4: error: expected â€˜)â€™ before numeric constant
../test.cpp:5: error: â€˜uint128_tâ€™ was not declared in this scope

from /home/yann/291/Proj1/ntu-dsi-dcn-portland/src/core: Test does not build: Traceback (most recent call last):
  File "/home/yann/291/Proj1/ntu-dsi-dcn-portland/.waf-1.6.7-0a94702c61504c487a251b8d0a04ca9a/waflib/Tools/c_config.py", line 435, in run_c_code
    bld.compile()
  File "/home/yann/291/Proj1/ntu-dsi-dcn-portland/.waf-1.6.7-0a94702c61504c487a251b8d0a04ca9a/waflib/Build.py", line 193, in compile
    raise Errors.BuildError(self.producer.error)
BuildError: Build failed
 -> task failed (exit status 1): 
	{task 140259278791440: cxx test.cpp -> test.cpp.1.o}
['/usr/bin/g++', '-O0', '-ggdb', '-g3', '-Wall', '-Werror', '-DNS3_ASSERT_ENABLE', '-DNS3_LOG_ENABLE', '../test.cpp', '-c', '-o', 'test.cpp.1.o']

not found
from /home/yann/291/Proj1/ntu-dsi-dcn-portland/src/core: The configuration failed
---------------------------------------------------------
Checking for type __uint128_t
==>
#include <stdint.h>

int main() {
	if ((__uint128_t *) 0) return 0;
	if (sizeof (__uint128_t)) return 0;
}

<==
[1/2] [32mcxx: build/.conf_check_703a8a276d4ad265d967b1b45f1fc578/test.cpp -> build/.conf_check_703a8a276d4ad265d967b1b45f1fc578/testbuild/test.cpp.1.o
[0m
['/usr/bin/g++', '-O0', '-ggdb', '-g3', '-Wall', '-Werror', '-DNS3_ASSERT_ENABLE', '-DNS3_LOG_ENABLE', '../test.cpp', '-c', '-o', 'test.cpp.1.o']
[2/2] [33mcxxprogram: build/.conf_check_703a8a276d4ad265d967b1b45f1fc578/testbuild/test.cpp.1.o -> build/.conf_check_703a8a276d4ad265d967b1b45f1fc578/testbuild/testprog
[0m
['/usr/bin/g++', 'test.cpp.1.o', '-o', '/home/yann/291/Proj1/ntu-dsi-dcn-portland/build/.conf_check_703a8a276d4ad265d967b1b45f1fc578/testbuild/testprog', '-Wl,-Bstatic', '-Wl,-Bdynamic']
yes
---------------------------------------------------------
Checking high precision time implementation
128-bit integer
---------------------------------------------------------
Checking for header stdint.h
==>
#include <stdint.h>

int main() {
	return 0;
}

<==
[1/2] [32mcxx: build/.conf_check_c59373285bc13999c3df79164cb29af1/test.cpp -> build/.conf_check_c59373285bc13999c3df79164cb29af1/testbuild/test.cpp.1.o
[0m
['/usr/bin/g++', '-O0', '-ggdb', '-g3', '-Wall', '-Werror', '-DNS3_ASSERT_ENABLE', '-DNS3_LOG_ENABLE', '-DHAVE___UINT128_T=1', '-DINT64X64_USE_128=1', '../test.cpp', '-c', '-o', 'test.cpp.1.o']
[2/2] [33mcxxprogram: build/.conf_check_c59373285bc13999c3df79164cb29af1/testbuild/test.cpp.1.o -> build/.conf_check_c59373285bc13999c3df79164cb29af1/testbuild/testprog
[0m
['/usr/bin/g++', 'test.cpp.1.o', '-o', '/home/yann/291/Proj1/ntu-dsi-dcn-portland/build/.conf_check_c59373285bc13999c3df79164cb29af1/testbuild/testprog', '-Wl,-Bstatic', '-Wl,-Bdynamic']
yes
---------------------------------------------------------
Checking for header inttypes.h
==>
#include <inttypes.h>

int main() {
	return 0;
}

<==
[1/2] [32mcxx: build/.conf_check_591f7be6a22ba3cd4f507fd8bc09bd2a/test.cpp -> build/.conf_check_591f7be6a22ba3cd4f507fd8bc09bd2a/testbuild/test.cpp.1.o
[0m
['/usr/bin/g++', '-O0', '-ggdb', '-g3', '-Wall', '-Werror', '-DNS3_ASSERT_ENABLE', '-DNS3_LOG_ENABLE', '-DHAVE___UINT128_T=1', '-DINT64X64_USE_128=1', '-DHAVE_STDINT_H=1', '../test.cpp', '-c', '-o', 'test.cpp.1.o']
[2/2] [33mcxxprogram: build/.conf_check_591f7be6a22ba3cd4f507fd8bc09bd2a/testbuild/test.cpp.1.o -> build/.conf_check_591f7be6a22ba3cd4f507fd8bc09bd2a/testbuild/testprog
[0m
['/usr/bin/g++', 'test.cpp.1.o', '-o', '/home/yann/291/Proj1/ntu-dsi-dcn-portland/build/.conf_check_591f7be6a22ba3cd4f507fd8bc09bd2a/testbuild/testprog', '-Wl,-Bstatic', '-Wl,-Bdynamic']
yes
---------------------------------------------------------
Checking for header sys/inttypes.h
==>
#include <sys/inttypes.h>

int main() {
	return 0;
}

<==
[1/2] [32mcxx: build/.conf_check_2ca1edb217ad9cef6c81468eb5adffbb/test.cpp -> build/.conf_check_2ca1edb217ad9cef6c81468eb5adffbb/testbuild/test.cpp.1.o
[0m
['/usr/bin/g++', '-O0', '-ggdb', '-g3', '-Wall', '-Werror', '-DNS3_ASSERT_ENABLE', '-DNS3_LOG_ENABLE', '-DHAVE___UINT128_T=1', '-DINT64X64_USE_128=1', '-DHAVE_STDINT_H=1', '-DHAVE_INTTYPES_H=1', '../test.cpp', '-c', '-o', 'test.cpp.1.o']
err: ../test.cpp:1: fatal error: sys/inttypes.h: No such file or directory
compilation terminated.

from /home/yann/291/Proj1/ntu-dsi-dcn-portland/src/core: Test does not build: Traceback (most recent call last):
  File "/home/yann/291/Proj1/ntu-dsi-dcn-portland/.waf-1.6.7-0a94702c61504c487a251b8d0a04ca9a/waflib/Tools/c_config.py", line 435, in run_c_code
    bld.compile()
  File "/home/yann/291/Proj1/ntu-dsi-dcn-portland/.waf-1.6.7-0a94702c61504c487a251b8d0a04ca9a/waflib/Build.py", line 193, in compile
    raise Errors.BuildError(self.producer.error)
BuildError: Build failed
 -> task failed (exit status 1): 
	{task 140259278790928: cxx test.cpp -> test.cpp.1.o}
['/usr/bin/g++', '-O0', '-ggdb', '-g3', '-Wall', '-Werror', '-DNS3_ASSERT_ENABLE', '-DNS3_LOG_ENABLE', '-DHAVE___UINT128_T=1', '-DINT64X64_USE_128=1', '-DHAVE_STDINT_H=1', '-DHAVE_INTTYPES_H=1', '../test.cpp', '-c', '-o', 'test.cpp.1.o']

not found
from /home/yann/291/Proj1/ntu-dsi-dcn-portland/src/core: The configuration failed
---------------------------------------------------------
Checking for header sys/types.h
==>
#include <sys/types.h>

int main() {
	return 0;
}

<==
[1/2] [32mcxx: build/.conf_check_293985459965597c97c3759b44ed252b/test.cpp -> build/.conf_check_293985459965597c97c3759b44ed252b/testbuild/test.cpp.1.o
[0m
['/usr/bin/g++', '-O0', '-ggdb', '-g3', '-Wall', '-Werror', '-DNS3_ASSERT_ENABLE', '-DNS3_LOG_ENABLE', '-DHAVE___UINT128_T=1', '-DINT64X64_USE_128=1', '-DHAVE_STDINT_H=1', '-DHAVE_INTTYPES_H=1', '../test.cpp', '-c', '-o', 'test.cpp.1.o']
[2/2] [33mcxxprogram: build/.conf_check_293985459965597c97c3759b44ed252b/testbuild/test.cpp.1.o -> build/.conf_check_293985459965597c97c3759b44ed252b/testbuild/testprog
[0m
['/usr/bin/g++', 'test.cpp.1.o', '-o', '/home/yann/291/Proj1/ntu-dsi-dcn-portland/build/.conf_check_293985459965597c97c3759b44ed252b/testbuild/testprog', '-Wl,-Bstatic', '-Wl,-Bdynamic']
yes
---------------------------------------------------------
Checking for header sys/stat.h
==>
#include <sys/stat.h>

int main() {
	return 0;
}

<==
[1/2] [32mcxx: build/.conf_check_114df6287ed99356d14a06682bc98197/test.cpp -> build/.conf_check_114df6287ed99356d14a06682bc98197/testbuild/test.cpp.1.o
[0m
['/usr/bin/g++', '-O0', '-ggdb', '-g3', '-Wall', '-Werror', '-DNS3_ASSERT_ENABLE', '-DNS3_LOG_ENABLE', '-DHAVE___UINT128_T=1', '-DINT64X64_USE_128=1', '-DHAVE_STDINT_H=1', '-DHAVE_INTTYPES_H=1', '-DHAVE_SYS_TYPES_H=1', '../test.cpp', '-c', '-o', 'test.cpp.1.o']
[2/2] [33mcxxprogram: build/.conf_check_114df6287ed99356d14a06682bc98197/testbuild/test.cpp.1.o -> build/.conf_check_114df6287ed99356d14a06682bc98197/testbuild/testprog
[0m
['/usr/bin/g++', 'test.cpp.1.o', '-o', '/home/yann/291/Proj1/ntu-dsi-dcn-portland/build/.conf_check_114df6287ed99356d14a06682bc98197/testbuild/testprog', '-Wl,-Bstatic', '-Wl,-Bdynamic']
yes
---------------------------------------------------------
Checking for header dirent.h
==>
#include <dirent.h>

int main() {
	return 0;
}

<==
[1/2] [32mcxx: build/.conf_check_38008f7ca978e5462e378992d39050f1/test.cpp -> build/.conf_check_38008f7ca978e5462e378992d39050f1/testbuild/test.cpp.1.o
[0m
['/usr/bin/g++', '-O0', '-ggdb', '-g3', '-Wall', '-Werror', '-DNS3_ASSERT_ENABLE', '-DNS3_LOG_ENABLE', '-DHAVE___UINT128_T=1', '-DINT64X64_USE_128=1', '-DHAVE_STDINT_H=1', '-DHAVE_INTTYPES_H=1', '-DHAVE_SYS_TYPES_H=1', '-DHAVE_SYS_STAT_H=1', '../test.cpp', '-c', '-o', 'test.cpp.1.o']
[2/2] [33mcxxprogram: build/.conf_check_38008f7ca978e5462e378992d39050f1/testbuild/test.cpp.1.o -> build/.conf_check_38008f7ca978e5462e378992d39050f1/testbuild/testprog
[0m
['/usr/bin/g++', 'test.cpp.1.o', '-o', '/home/yann/291/Proj1/ntu-dsi-dcn-portland/build/.conf_check_38008f7ca978e5462e378992d39050f1/testbuild/testprog', '-Wl,-Bstatic', '-Wl,-Bdynamic']
yes
---------------------------------------------------------
Checking for header stdlib.h
==>
#include <stdlib.h>

int main() {
	return 0;
}

<==
[1/2] [32mcxx: build/.conf_check_29f41b0aad55c9546dfc9b7ce9859059/test.cpp -> build/.conf_check_29f41b0aad55c9546dfc9b7ce9859059/testbuild/test.cpp.1.o
[0m
['/usr/bin/g++', '-O0', '-ggdb', '-g3', '-Wall', '-Werror', '-DNS3_ASSERT_ENABLE', '-DNS3_LOG_ENABLE', '-DHAVE___UINT128_T=1', '-DINT64X64_USE_128=1', '-DHAVE_STDINT_H=1', '-DHAVE_INTTYPES_H=1', '-DHAVE_SYS_TYPES_H=1', '-DHAVE_SYS_STAT_H=1', '-DHAVE_DIRENT_H=1', '../test.cpp', '-c', '-o', 'test.cpp.1.o']
[2/2] [33mcxxprogram: build/.conf_check_29f41b0aad55c9546dfc9b7ce9859059/testbuild/test.cpp.1.o -> build/.conf_check_29f41b0aad55c9546dfc9b7ce9859059/testbuild/testprog
[0m
['/usr/bin/g++', 'test.cpp.1.o', '-o', '/home/yann/291/Proj1/ntu-dsi-dcn-portland/build/.conf_check_29f41b0aad55c9546dfc9b7ce9859059/testbuild/testprog', '-Wl,-Bstatic', '-Wl,-Bdynamic']
yes
---------------------------------------------------------
Checking for header signal.h
==>
#include <signal.h>

int main() {
	return 0;
}

<==
[1/2] [32mcxx: build/.conf_check_cc227f9b4319ad1c726eca4fb806395e/test.cpp -> build/.conf_check_cc227f9b4319ad1c726eca4fb806395e/testbuild/test.cpp.1.o
[0m
['/usr/bin/g++', '-O0', '-ggdb', '-g3', '-Wall', '-Werror', '-DNS3_ASSERT_ENABLE', '-DNS3_LOG_ENABLE', '-DHAVE___UINT128_T=1', '-DINT64X64_USE_128=1', '-DHAVE_STDINT_H=1', '-DHAVE_INTTYPES_H=1', '-DHAVE_SYS_TYPES_H=1', '-DHAVE_SYS_STAT_H=1', '-DHAVE_DIRENT_H=1', '-DHAVE_STDLIB_H=1', '-DHAVE_GETENV=1', '../test.cpp', '-c', '-o', 'test.cpp.1.o']
[2/2] [33mcxxprogram: build/.conf_check_cc227f9b4319ad1c726eca4fb806395e/testbuild/test.cpp.1.o -> build/.conf_check_cc227f9b4319ad1c726eca4fb806395e/testbuild/testprog
[0m
['/usr/bin/g++', 'test.cpp.1.o', '-o', '/home/yann/291/Proj1/ntu-dsi-dcn-portland/build/.conf_check_cc227f9b4319ad1c726eca4fb806395e/testbuild/testprog', '-Wl,-Bstatic', '-Wl,-Bdynamic']
yes
---------------------------------------------------------
Checking for header pthread.h
==>

#include <pthread.h>
int main ()
{
   pthread_mutex_t m;
   pthread_mutex_init (&m, NULL);
   return 0;
}

<==
[1/2] [32mcxx: build/.conf_check_2be466e82e703a744ee152afe2b58299/test.cpp -> build/.conf_check_2be466e82e703a744ee152afe2b58299/testbuild/test.cpp.1.o
[0m
['/usr/bin/g++', '-O0', '-ggdb', '-g3', '-Wall', '-Werror', '-pthread', '-DNS3_ASSERT_ENABLE', '-DNS3_LOG_ENABLE', '-DHAVE___UINT128_T=1', '-DINT64X64_USE_128=1', '-DHAVE_STDINT_H=1', '-DHAVE_INTTYPES_H=1', '-DHAVE_SYS_TYPES_H=1', '-DHAVE_SYS_STAT_H=1', '-DHAVE_DIRENT_H=1', '-DHAVE_STDLIB_H=1', '-DHAVE_GETENV=1', '-DHAVE_SIGNAL_H=1', '../test.cpp', '-c', '-o', 'test.cpp.1.o']
[2/2] [33mcxxprogram: build/.conf_check_2be466e82e703a744ee152afe2b58299/testbuild/test.cpp.1.o -> build/.conf_check_2be466e82e703a744ee152afe2b58299/testbuild/testprog
[0m
['/usr/bin/g++', 'test.cpp.1.o', '-o', '/home/yann/291/Proj1/ntu-dsi-dcn-portland/build/.conf_check_2be466e82e703a744ee152afe2b58299/testbuild/testprog', '-Wl,-Bstatic', '-Wl,-Bdynamic', '-pthread']
yes
---------------------------------------------------------
Checking for header stdint.h
==>
#include <stdint.h>

int main() {
	return 0;
}

<==
[1/2] [32mcxx: build/.conf_check_c59373285bc13999c3df79164cb29af1/test.cpp -> build/.conf_check_c59373285bc13999c3df79164cb29af1/testbuild/test.cpp.1.o
[0m
['/usr/bin/g++', '-O0', '-ggdb', '-g3', '-Wall', '-Werror', '-DNS3_ASSERT_ENABLE', '-DNS3_LOG_ENABLE', '-DHAVE___UINT128_T=1', '-DINT64X64_USE_128=1', '-DHAVE_INTTYPES_H=1', '-DHAVE_SYS_TYPES_H=1', '-DHAVE_SYS_STAT_H=1', '-DHAVE_DIRENT_H=1', '-DHAVE_STDLIB_H=1', '-DHAVE_GETENV=1', '-DHAVE_SIGNAL_H=1', '-DHAVE_PTHREAD_H=1', '../test.cpp', '-c', '-o', 'test.cpp.1.o']
[2/2] [33mcxxprogram: build/.conf_check_c59373285bc13999c3df79164cb29af1/testbuild/test.cpp.1.o -> build/.conf_check_c59373285bc13999c3df79164cb29af1/testbuild/testprog
[0m
['/usr/bin/g++', 'test.cpp.1.o', '-o', '/home/yann/291/Proj1/ntu-dsi-dcn-portland/build/.conf_check_c59373285bc13999c3df79164cb29af1/testbuild/testprog', '-Wl,-Bstatic', '-Wl,-Bdynamic']
yes
---------------------------------------------------------
Checking for header inttypes.h
==>
#include <inttypes.h>

int main() {
	return 0;
}

<==
[1/2] [32mcxx: build/.conf_check_591f7be6a22ba3cd4f507fd8bc09bd2a/test.cpp -> build/.conf_check_591f7be6a22ba3cd4f507fd8bc09bd2a/testbuild/test.cpp.1.o
[0m
['/usr/bin/g++', '-O0', '-ggdb', '-g3', '-Wall', '-Werror', '-DNS3_ASSERT_ENABLE', '-DNS3_LOG_ENABLE', '-DHAVE___UINT128_T=1', '-DINT64X64_USE_128=1', '-DHAVE_SYS_TYPES_H=1', '-DHAVE_SYS_STAT_H=1', '-DHAVE_DIRENT_H=1', '-DHAVE_STDLIB_H=1', '-DHAVE_GETENV=1', '-DHAVE_SIGNAL_H=1', '-DHAVE_PTHREAD_H=1', '-DHAVE_STDINT_H=1', '../test.cpp', '-c', '-o', 'test.cpp.1.o']
[2/2] [33mcxxprogram: build/.conf_check_591f7be6a22ba3cd4f507fd8bc09bd2a/testbuild/test.cpp.1.o -> build/.conf_check_591f7be6a22ba3cd4f507fd8bc09bd2a/testbuild/testprog
[0m
['/usr/bin/g++', 'test.cpp.1.o', '-o', '/home/yann/291/Proj1/ntu-dsi-dcn-portland/build/.conf_check_591f7be6a22ba3cd4f507fd8bc09bd2a/testbuild/testprog', '-Wl,-Bstatic', '-Wl,-Bdynamic']
yes
---------------------------------------------------------
Checking for header sys/inttypes.h
==>
#include <sys/inttypes.h>

int main() {
	return 0;
}

<==
[1/2] [32mcxx: build/.conf_check_2ca1edb217ad9cef6c81468eb5adffbb/test.cpp -> build/.conf_check_2ca1edb217ad9cef6c81468eb5adffbb/testbuild/test.cpp.1.o
[0m
['/usr/bin/g++', '-O0', '-ggdb', '-g3', '-Wall', '-Werror', '-DNS3_ASSERT_ENABLE', '-DNS3_LOG_ENABLE', '-DHAVE___UINT128_T=1', '-DINT64X64_USE_128=1', '-DHAVE_SYS_TYPES_H=1', '-DHAVE_SYS_STAT_H=1', '-DHAVE_DIRENT_H=1', '-DHAVE_STDLIB_H=1', '-DHAVE_GETENV=1', '-DHAVE_SIGNAL_H=1', '-DHAVE_PTHREAD_H=1', '-DHAVE_STDINT_H=1', '-DHAVE_INTTYPES_H=1', '../test.cpp', '-c', '-o', 'test.cpp.1.o']
err: ../test.cpp:1: fatal error: sys/inttypes.h: No such file or directory
compilation terminated.

from /home/yann/291/Proj1/ntu-dsi-dcn-portland/src/core: Test does not build: Traceback (most recent call last):
  File "/home/yann/291/Proj1/ntu-dsi-dcn-portland/.waf-1.6.7-0a94702c61504c487a251b8d0a04ca9a/waflib/Tools/c_config.py", line 435, in run_c_code
    bld.compile()
  File "/home/yann/291/Proj1/ntu-dsi-dcn-portland/.waf-1.6.7-0a94702c61504c487a251b8d0a04ca9a/waflib/Build.py", line 193, in compile
    raise Errors.BuildError(self.producer.error)
BuildError: Build failed
 -> task failed (exit status 1): 
	{task 140259279327568: cxx test.cpp -> test.cpp.1.o}
['/usr/bin/g++', '-O0', '-ggdb', '-g3', '-Wall', '-Werror', '-DNS3_ASSERT_ENABLE', '-DNS3_LOG_ENABLE', '-DHAVE___UINT128_T=1', '-DINT64X64_USE_128=1', '-DHAVE_SYS_TYPES_H=1', '-DHAVE_SYS_STAT_H=1', '-DHAVE_DIRENT_H=1', '-DHAVE_STDLIB_H=1', '-DHAVE_GETENV=1', '-DHAVE_SIGNAL_H=1', '-DHAVE_PTHREAD_H=1', '-DHAVE_STDINT_H=1', '-DHAVE_INTTYPES_H=1', '../test.cpp', '-c', '-o', 'test.cpp.1.o']

not found
from /home/yann/291/Proj1/ntu-dsi-dcn-portland/src/core: The configuration failed
---------------------------------------------------------
Checking for library rt
==>

int main() {
	return 0;
}

<==
[1/2] [32mcxx: build/.conf_check_fc0bab0b855f90bf0795892663948c43/test.cpp -> build/.conf_check_fc0bab0b855f90bf0795892663948c43/testbuild/test.cpp.1.o
[0m
['/usr/bin/g++', '-O0', '-ggdb', '-g3', '-Wall', '-Werror', '-pthread', '-DNS3_ASSERT_ENABLE', '-DNS3_LOG_ENABLE', '-DHAVE___UINT128_T=1', '-DINT64X64_USE_128=1', '-DHAVE_SYS_TYPES_H=1', '-DHAVE_SYS_STAT_H=1', '-DHAVE_DIRENT_H=1', '-DHAVE_STDLIB_H=1', '-DHAVE_GETENV=1', '-DHAVE_SIGNAL_H=1', '-DHAVE_PTHREAD_H=1', '-DHAVE_STDINT_H=1', '-DHAVE_INTTYPES_H=1', '../test.cpp', '-c', '-o', 'test.cpp.1.o']
[2/2] [33mcxxprogram: build/.conf_check_fc0bab0b855f90bf0795892663948c43/testbuild/test.cpp.1.o -> build/.conf_check_fc0bab0b855f90bf0795892663948c43/testbuild/testprog
[0m
['/usr/bin/g++', 'test.cpp.1.o', '-o', '/home/yann/291/Proj1/ntu-dsi-dcn-portland/build/.conf_check_fc0bab0b855f90bf0795892663948c43/testbuild/testprog', '-Wl,-Bstatic', '-Wl,-Bdynamic', '-lrt', '-pthread']
yes
---------------------------------------------------------
Checking for header netpacket/packet.h
==>
#include <netpacket/packet.h>

int main() {
	return 0;
}

<==
[1/2] [32mcxx: build/.conf_check_0927534631877d46f179382e3e16c60a/test.cpp -> build/.conf_check_0927534631877d46f179382e3e16c60a/testbuild/test.cpp.1.o
[0m
['/usr/bin/g++', '-O0', '-ggdb', '-g3', '-Wall', '-Werror', '-DNS3_ASSERT_ENABLE', '-DNS3_LOG_ENABLE', '../test.cpp', '-c', '-o', 'test.cpp.1.o']
[2/2] [33mcxxprogram: build/.conf_check_0927534631877d46f179382e3e16c60a/testbuild/test.cpp.1.o -> build/.conf_check_0927534631877d46f179382e3e16c60a/testbuild/testprog
[0m
['/usr/bin/g++', 'test.cpp.1.o', '-o', '/home/yann/291/Proj1/ntu-dsi-dcn-portland/build/.conf_check_0927534631877d46f179382e3e16c60a/testbuild/testprog', '-Wl,-Bstatic', '-Wl,-Bdynamic']
yes
---------------------------------------------------------
Checking for NSC location
not found
---------------------------------------------------------
Checking for header sys/socket.h
==>
#include <sys/socket.h>

int main() {
	return 0;
}

<==
[1/2] [32mcxx: build/.conf_check_f620d214e7131b9899e39aa1327dd607/test.cpp -> build/.conf_check_f620d214e7131b9899e39aa1327dd607/testbuild/test.cpp.1.o
[0m
['/usr/bin/g++', '-O0', '-ggdb', '-g3', '-Wall', '-Werror', '-DNS3_ASSERT_ENABLE', '-DNS3_LOG_ENABLE', '-DHAVE_PACKET_H=1', '../test.cpp', '-c', '-o', 'test.cpp.1.o']
[2/2] [33mcxxprogram: build/.conf_check_f620d214e7131b9899e39aa1327dd607/testbuild/test.cpp.1.o -> build/.conf_check_f620d214e7131b9899e39aa1327dd607/testbuild/testprog
[0m
['/usr/bin/g++', 'test.cpp.1.o', '-o', '/home/yann/291/Proj1/ntu-dsi-dcn-portland/build/.conf_check_f620d214e7131b9899e39aa1327dd607/testbuild/testprog', '-Wl,-Bstatic', '-Wl,-Bdynamic']
yes
---------------------------------------------------------
Checking for header netinet/in.h
==>
#include <netinet/in.h>

int main() {
	return 0;
}

<==
[1/2] [32mcxx: build/.conf_check_323c64456e3d4ab2a4101e6f5604e508/test.cpp -> build/.conf_check_323c64456e3d4ab2a4101e6f5604e508/testbuild/test.cpp.1.o
[0m
['/usr/bin/g++', '-O0', '-ggdb', '-g3', '-Wall', '-Werror', '-DNS3_ASSERT_ENABLE', '-DNS3_LOG_ENABLE', '-DHAVE_PACKET_H=1', '-DHAVE_SYS_SOCKET_H=1', '../test.cpp', '-c', '-o', 'test.cpp.1.o']
[2/2] [33mcxxprogram: build/.conf_check_323c64456e3d4ab2a4101e6f5604e508/testbuild/test.cpp.1.o -> build/.conf_check_323c64456e3d4ab2a4101e6f5604e508/testbuild/testprog
[0m
['/usr/bin/g++', 'test.cpp.1.o', '-o', '/home/yann/291/Proj1/ntu-dsi-dcn-portland/build/.conf_check_323c64456e3d4ab2a4101e6f5604e508/testbuild/testprog', '-Wl,-Bstatic', '-Wl,-Bdynamic']
yes
---------------------------------------------------------
Checking boost includes
1_58
---------------------------------------------------------
Checking boost libs
ok
---------------------------------------------------------
Checking for OpenFlow location
./openflow (given)
---------------------------------------------------------
Checking for library dl
==>

int main() {
	return 0;
}

<==
[1/2] [32mcxx: build/.conf_check_1d0477c52973e128d652160e9a5e4f87/test.cpp -> build/.conf_check_1d0477c52973e128d652160e9a5e4f87/testbuild/test.cpp.1.o
[0m
['/usr/bin/g++', '-O0', '-ggdb', '-g3', '-Wall', '-Werror', '-DNS3_ASSERT_ENABLE', '-DNS3_LOG_ENABLE', '../test.cpp', '-c', '-o', 'test.cpp.1.o']
[2/2] [33mcxxprogram: build/.conf_check_1d0477c52973e128d652160e9a5e4f87/testbuild/test.cpp.1.o -> build/.conf_check_1d0477c52973e128d652160e9a5e4f87/testbuild/testprog
[0m
['/usr/bin/g++', 'test.cpp.1.o', '-o', '/home/yann/291/Proj1/ntu-dsi-dcn-portland/build/.conf_check_1d0477c52973e128d652160e9a5e4f87/testbuild/testprog', '-Wl,-Bstatic', '-Wl,-Bdynamic', '-ldl']
yes
---------------------------------------------------------
Checking for library xml2
==>

int main() {
	return 0;
}

<==
[1/2] [32mcxx: build/.conf_check_15ae5d30539fdcf0faf30809ec961a4d/test.cpp -> build/.conf_check_15ae5d30539fdcf0faf30809ec961a4d/testbuild/test.cpp.1.o
[0m
['/usr/bin/g++', '-O0', '-ggdb', '-g3', '-Wall', '-Werror', '-DNS3_ASSERT_ENABLE', '-DNS3_LOG_ENABLE', '-DDL=1', '../test.cpp', '-c', '-o', 'test.cpp.1.o']
[2/2] [33mcxxprogram: build/.conf_check_15ae5d30539fdcf0faf30809ec961a4d/testbuild/test.cpp.1.o -> build/.conf_check_15ae5d30539fdcf0faf30809ec961a4d/testbuild/testprog
[0m
['/usr/bin/g++', 'test.cpp.1.o', '-o', '/home/yann/291/Proj1/ntu-dsi-dcn-portland/build/.conf_check_15ae5d30539fdcf0faf30809ec961a4d/testbuild/testprog', '-Wl,-Bstatic', '-Wl,-Bdynamic', '-lxml2']
yes
---------------------------------------------------------
Checking for library openflow
==>

#include "openflow/openflow.h"
#include "openflow/nicira-ext.h"
#include "openflow/ericsson-ext.h"

extern "C"
{
#define private _private
#define delete _delete
#define list List

#include "openflow/private/csum.h"
#include "openflow/private/poll-loop.h"
#include "openflow/private/rconn.h"
#include "openflow/private/stp.h"
#include "openflow/private/vconn.h"
#include "openflow/private/xtoxll.h"

#include "openflow/private/chain.h"
#include "openflow/private/table.h"
#include "openflow/private/datapath.h" // The functions below are defined in datapath.c
uint32_t save_buffer (ofpbuf *);
ofpbuf * retrieve_buffer (uint32_t id);
void discard_buffer (uint32_t id);
#include "openflow/private/dp_act.h" // The functions below are defined in dp_act.c
void set_vlan_vid (ofpbuf *buffer, sw_flow_key *key, const ofp_action_header *ah);
void set_vlan_pcp (ofpbuf *buffer, sw_flow_key *key, const ofp_action_header *ah);
void strip_vlan (ofpbuf *buffer, sw_flow_key *key, const ofp_action_header *ah);
void set_dl_addr (ofpbuf *buffer, sw_flow_key *key, const ofp_action_header *ah);
void set_nw_addr (ofpbuf *buffer, sw_flow_key *key, const ofp_action_header *ah);
void set_tp_port (ofpbuf *buffer, sw_flow_key *key, const ofp_action_header *ah);
void set_mpls_label (ofpbuf *buffer, sw_flow_key *key, const ofp_action_header *ah);
void set_mpls_exp (ofpbuf *buffer, sw_flow_key *key, const ofp_action_header *ah);
#include "openflow/private/pt_act.h" // The function below is defined in pt_act.c
void update_checksums (ofpbuf *buffer, const sw_flow_key *key, uint32_t old_word, uint32_t new_word);

#undef list
#undef private
#undef delete
}

int main()
{
  return 0;
}

<==
[1/2] [32mcxx: build/.conf_check_01db7fae83999a1a2cb95aa58a8dfffa/test.cpp -> build/.conf_check_01db7fae83999a1a2cb95aa58a8dfffa/testbuild/test.cpp.1.o
[0m
['/usr/bin/g++', '-O0', '-ggdb', '-g3', '-Wall', '-Werror', '-I/home/yann/291/Proj1/ntu-dsi-dcn-portland/openflow/include', '-DNS3_ASSERT_ENABLE', '-DNS3_LOG_ENABLE', '-DDL=1', '-DXML2=1', '../test.cpp', '-c', '-o', 'test.cpp.1.o']
[2/2] [33mcxxprogram: build/.conf_check_01db7fae83999a1a2cb95aa58a8dfffa/testbuild/test.cpp.1.o -> build/.conf_check_01db7fae83999a1a2cb95aa58a8dfffa/testbuild/testprog
[0m
['/usr/bin/g++', 'test.cpp.1.o', '-o', '/home/yann/291/Proj1/ntu-dsi-dcn-portland/build/.conf_check_01db7fae83999a1a2cb95aa58a8dfffa/testbuild/testprog', '-Wl,-Bstatic', '-Wl,-Bdynamic', '-L/home/yann/291/Proj1/ntu-dsi-dcn-portland/openflow/build/default', '-L/home/yann/291/Proj1/ntu-dsi-dcn-portland/openflow/lib', '-L/home/yann/291/Proj1/ntu-dsi-dcn-portland/openflow/build/default', '-L/home/yann/291/Proj1/ntu-dsi-dcn-portland/openflow/lib', '-lopenflow', '-ldl', '-lxml2']
yes
---------------------------------------------------------
Checking for library sqlite3
==>

int main() {
	return 0;
}

<==
[1/2] [32mcxx: build/.conf_check_39b3cecfac3989b2ed760243cef109e6/test.cpp -> build/.conf_check_39b3cecfac3989b2ed760243cef109e6/testbuild/test.cpp.1.o
[0m
['/usr/bin/g++', '-O0', '-ggdb', '-g3', '-Wall', '-Werror', '-DNS3_ASSERT_ENABLE', '-DNS3_LOG_ENABLE', '-DDL=1', '-DXML2=1', '../test.cpp', '-c', '-o', 'test.cpp.1.o']
[2/2] [33mcxxprogram: build/.conf_check_39b3cecfac3989b2ed760243cef109e6/testbuild/test.cpp.1.o -> build/.conf_check_39b3cecfac3989b2ed760243cef109e6/testbuild/testprog
[0m
['/usr/bin/g++', 'test.cpp.1.o', '-o', '/home/yann/291/Proj1/ntu-dsi-dcn-portland/build/.conf_check_39b3cecfac3989b2ed760243cef109e6/testbuild/testprog', '-Wl,-Bstatic', '-Wl,-Bdynamic', '-lsqlite3']
yes
---------------------------------------------------------
Checking for header linux/if_tun.h
==>
#include <linux/if_tun.h>

int main() {
	return 0;
}

<==
[1/2] [32mcxx: build/.conf_check_e2bf758aaca47858b67848f504a8de27/test.cpp -> build/.conf_check_e2bf758aaca47858b67848f504a8de27/testbuild/test.cpp.1.o
[0m
['/usr/bin/g++', '-O0', '-ggdb', '-g3', '-Wall', '-Werror', '-DNS3_ASSERT_ENABLE', '-DNS3_LOG_ENABLE', '-DDL=1', '-DXML2=1', '-DSQLITE3=1', '../test.cpp', '-c', '-o', 'test.cpp.1.o']
[2/2] [33mcxxprogram: build/.conf_check_e2bf758aaca47858b67848f504a8de27/testbuild/test.cpp.1.o -> build/.conf_check_e2bf758aaca47858b67848f504a8de27/testbuild/testprog
[0m
['/usr/bin/g++', 'test.cpp.1.o', '-o', '/home/yann/291/Proj1/ntu-dsi-dcn-portland/build/.conf_check_e2bf758aaca47858b67848f504a8de27/testbuild/testprog', '-Wl,-Bstatic', '-Wl,-Bdynamic']
yes
---------------------------------------------------------
Checking for program python
/usr/bin/python
find program=['python'] paths=['/home/yann/bin', '/home/yann/.local/bin', '/usr/local/sbin', '/usr/local/bin', '/usr/sbin', '/usr/bin', '/sbin', '/bin', '/usr/games', '/usr/local/games', '/snap/bin'] var='PYTHON' -> '/usr/bin/python'
['/usr/bin/python', '-c', 'import sys\nfor x in sys.version_info: print(str(x))']
out: 2
7
12
final
0

['/usr/bin/python', '-c', "from distutils.sysconfig import get_python_lib\n\nprint(repr(get_python_lib(standard_lib=0, prefix='/usr/local') or ''))"]
out: '/usr/local/lib/python2.7/dist-packages'

['/usr/bin/python', '-c', "from distutils.sysconfig import get_python_lib\n\nprint(repr(get_python_lib(plat_specific=1, standard_lib=0, prefix='/usr/local') or ''))"]
out: '/usr/local/lib/python2.7/dist-packages'

---------------------------------------------------------
Checking for python version
(2, 7, 12, 'final', 0)
['/usr/bin/python', '-c', "from distutils.sysconfig import get_config_var\n\nprint(repr(get_config_var('prefix') or ''))\nprint(repr(get_config_var('SO') or ''))\nprint(repr(get_config_var('LDFLAGS') or ''))\nprint(repr(get_config_var('LIBDIR') or ''))\nprint(repr(get_config_var('LIBPL') or ''))\nprint(repr(get_config_var('INCLUDEPY') or ''))\nprint(repr(get_config_var('Py_ENABLE_SHARED') or ''))\nprint(repr(get_config_var('MACOSX_DEPLOYMENT_TARGET') or ''))\nprint(repr(get_config_var('LDSHARED') or ''))\nprint(repr(get_config_var('CFLAGS') or ''))"]
out: '/usr'
'.so'
'-Wl,-Bsymbolic-functions -Wl,-z,relro'
'/usr/lib'
'/usr/lib/python2.7/config-x86_64-linux-gnu'
'/usr/include/python2.7'
1
''
'x86_64-linux-gnu-gcc -pthread -shared -Wl,-O1 -Wl,-Bsymbolic-functions -Wl,-Bsymbolic-functions -Wl,-z,relro -fno-strict-aliasing -DNDEBUG -g -fwrapv -O2 -Wall -Wstrict-prototypes -Wdate-time -D_FORTIFY_SOURCE=2 -g -fstack-protector-strong -Wformat -Werror=format-security  '
'-fno-strict-aliasing -DNDEBUG -g -fwrapv -O2 -Wall -Wstrict-prototypes -Wdate-time -D_FORTIFY_SOURCE=2 -g -fstack-protector-strong -Wformat -Werror=format-security  '

Configuration returned from ['/usr/bin/python']:
"prefix = '/usr'\nSO = '.so'\nLDFLAGS = '-Wl,-Bsymbolic-functions -Wl,-z,relro'\nLIBDIR = '/usr/lib'\nLIBPL = '/usr/lib/python2.7/config-x86_64-linux-gnu'\nINCLUDEPY = '/usr/include/python2.7'\nPy_ENABLE_SHARED = 1\nMACOSX_DEPLOYMENT_TARGET = ''\nLDSHARED = 'x86_64-linux-gnu-gcc -pthread -shared -Wl,-O1 -Wl,-Bsymbolic-functions -Wl,-Bsymbolic-functions -Wl,-z,relro -fno-strict-aliasing -DNDEBUG -g -fwrapv -O2 -Wall -Wstrict-prototypes -Wdate-time -D_FORTIFY_SOURCE=2 -g -fstack-protector-strong -Wformat -Werror=format-security  '\nCFLAGS = '-fno-strict-aliasing -DNDEBUG -g -fwrapv -O2 -Wall -Wstrict-prototypes -Wdate-time -D_FORTIFY_SOURCE=2 -g -fstack-protector-strong -Wformat -Werror=format-security  '"



# try again with -L$python_LIBDIR: ['/usr/lib']

---------------------------------------------------------
Checking for library python2.7 in LIBDIR
==>

int main() {
	return 0;
}

<==
[1/2] [32mcxx: build/.conf_check_9a1d0551212c9d703363e62dfbc51c79/test.cpp -> build/.conf_check_9a1d0551212c9d703363e62dfbc51c79/testbuild/test.cpp.1.o
[0m
['/usr/bin/g++', '-O0', '-ggdb', '-g3', '-Wall', '-Werror', '-fno-strict-aliasing', '-fwrapv', '-fstack-protector-strong', '-DNS3_ASSERT_ENABLE', '-DNS3_LOG_ENABLE', '-DDL=1', '-DXML2=1', '-DSQLITE3=1', '-DHAVE_IF_TUN_H=1', '-DPYTHONDIR="/usr/local/lib/python2.7/dist-packages"', '-DPYTHONARCHDIR="/usr/local/lib/python2.7/dist-packages"', '-DNDEBUG', '-D_FORTIFY_SOURCE=2', '../test.cpp', '-c', '-o', 'test.cpp.1.o']
err: cc1plus: error: unrecognized command line option "-fstack-protector-strong"

from /home/yann/291/Proj1/ntu-dsi-dcn-portland/bindings/python: Test does not build: Traceback (most recent call last):
  File "/home/yann/291/Proj1/ntu-dsi-dcn-portland/.waf-1.6.7-0a94702c61504c487a251b8d0a04ca9a/waflib/Tools/c_config.py", line 435, in run_c_code
    bld.compile()
  File "/home/yann/291/Proj1/ntu-dsi-dcn-portland/.waf-1.6.7-0a94702c61504c487a251b8d0a04ca9a/waflib/Build.py", line 193, in compile
    raise Errors.BuildError(self.producer.error)
BuildError: Build failed
 -> task failed (exit status 1): 
	{task 140259278973968: cxx test.cpp -> test.cpp.1.o}
['/usr/bin/g++', '-O0', '-ggdb', '-g3', '-Wall', '-Werror', '-fno-strict-aliasing', '-fwrapv', '-fstack-protector-strong', '-DNS3_ASSERT_ENABLE', '-DNS3_LOG_ENABLE', '-DDL=1', '-DXML2=1', '-DSQLITE3=1', '-DHAVE_IF_TUN_H=1', '-DPYTHONDIR="/usr/local/lib/python2.7/dist-packages"', '-DPYTHONARCHDIR="/usr/local/lib/python2.7/dist-packages"', '-DNDEBUG', '-D_FORTIFY_SOURCE=2', '../test.cpp', '-c', '-o', 'test.cpp.1.o']

not found
from /home/yann/291/Proj1/ntu-dsi-dcn-portland/bindings/python: The configuration failed


# try again with -L$python_LIBPL (some systems don't install the python library in $prefix/lib)

---------------------------------------------------------
Checking for library python2.7 in python_LIBPL
==>

int main() {
	return 0;
}

<==
[1/2] [32mcxx: build/.conf_check_267873a46b63471f4a6b278dd2ef1463/test.cpp -> build/.conf_check_267873a46b63471f4a6b278dd2ef1463/testbuild/test.cpp.1.o
[0m
['/usr/bin/g++', '-O0', '-ggdb', '-g3', '-Wall', '-Werror', '-fno-strict-aliasing', '-fwrapv', '-fstack-protector-strong', '-DNS3_ASSERT_ENABLE', '-DNS3_LOG_ENABLE', '-DDL=1', '-DXML2=1', '-DSQLITE3=1', '-DHAVE_IF_TUN_H=1', '-DPYTHONDIR="/usr/local/lib/python2.7/dist-packages"', '-DPYTHONARCHDIR="/usr/local/lib/python2.7/dist-packages"', '-DNDEBUG', '-D_FORTIFY_SOURCE=2', '../test.cpp', '-c', '-o', 'test.cpp.1.o']
err: cc1plus: error: unrecognized command line option "-fstack-protector-strong"

from /home/yann/291/Proj1/ntu-dsi-dcn-portland/bindings/python: Test does not build: Traceback (most recent call last):
  File "/home/yann/291/Proj1/ntu-dsi-dcn-portland/.waf-1.6.7-0a94702c61504c487a251b8d0a04ca9a/waflib/Tools/c_config.py", line 435, in run_c_code
    bld.compile()
  File "/home/yann/291/Proj1/ntu-dsi-dcn-portland/.waf-1.6.7-0a94702c61504c487a251b8d0a04ca9a/waflib/Build.py", line 193, in compile
    raise Errors.BuildError(self.producer.error)
BuildError: Build failed
 -> task failed (exit status 1): 
	{task 140259278876112: cxx test.cpp -> test.cpp.1.o}
['/usr/bin/g++', '-O0', '-ggdb', '-g3', '-Wall', '-Werror', '-fno-strict-aliasing', '-fwrapv', '-fstack-protector-strong', '-DNS3_ASSERT_ENABLE', '-DNS3_LOG_ENABLE', '-DDL=1', '-DXML2=1', '-DSQLITE3=1', '-DHAVE_IF_TUN_H=1', '-DPYTHONDIR="/usr/local/lib/python2.7/dist-packages"', '-DPYTHONARCHDIR="/usr/local/lib/python2.7/dist-packages"', '-DNDEBUG', '-D_FORTIFY_SOURCE=2', '../test.cpp', '-c', '-o', 'test.cpp.1.o']

not found
from /home/yann/291/Proj1/ntu-dsi-dcn-portland/bindings/python: The configuration failed


# try again with -L$prefix/libs, and pythonXY name rather than pythonX.Y (win32)

---------------------------------------------------------
Checking for library python2.7 in $prefix/libs
==>

int main() {
	return 0;
}

<==
[1/2] [32mcxx: build/.conf_check_9a621d8d692d9a7d21035acfe3591b58/test.cpp -> build/.conf_check_9a621d8d692d9a7d21035acfe3591b58/testbuild/test.cpp.1.o
[0m
['/usr/bin/g++', '-O0', '-ggdb', '-g3', '-Wall', '-Werror', '-fno-strict-aliasing', '-fwrapv', '-fstack-protector-strong', '-DNS3_ASSERT_ENABLE', '-DNS3_LOG_ENABLE', '-DDL=1', '-DXML2=1', '-DSQLITE3=1', '-DHAVE_IF_TUN_H=1', '-DPYTHONDIR="/usr/local/lib/python2.7/dist-packages"', '-DPYTHONARCHDIR="/usr/local/lib/python2.7/dist-packages"', '-DNDEBUG', '-D_FORTIFY_SOURCE=2', '../test.cpp', '-c', '-o', 'test.cpp.1.o']
err: cc1plus: error: unrecognized command line option "-fstack-protector-strong"

from /home/yann/291/Proj1/ntu-dsi-dcn-portland/bindings/python: Test does not build: Traceback (most recent call last):
  File "/home/yann/291/Proj1/ntu-dsi-dcn-portland/.waf-1.6.7-0a94702c61504c487a251b8d0a04ca9a/waflib/Tools/c_config.py", line 435, in run_c_code
    bld.compile()
  File "/home/yann/291/Proj1/ntu-dsi-dcn-portland/.waf-1.6.7-0a94702c61504c487a251b8d0a04ca9a/waflib/Build.py", line 193, in compile
    raise Errors.BuildError(self.producer.error)
BuildError: Build failed
 -> task failed (exit status 1): 
	{task 140259278956112: cxx test.cpp -> test.cpp.1.o}
['/usr/bin/g++', '-O0', '-ggdb', '-g3', '-Wall', '-Werror', '-fno-strict-aliasing', '-fwrapv', '-fstack-protector-strong', '-DNS3_ASSERT_ENABLE', '-DNS3_LOG_ENABLE', '-DDL=1', '-DXML2=1', '-DSQLITE3=1', '-DHAVE_IF_TUN_H=1', '-DPYTHONDIR="/usr/local/lib/python2.7/dist-packages"', '-DPYTHONARCHDIR="/usr/local/lib/python2.7/dist-packages"', '-DNDEBUG', '-D_FORTIFY_SOURCE=2', '../test.cpp', '-c', '-o', 'test.cpp.1.o']

not found
from /home/yann/291/Proj1/ntu-dsi-dcn-portland/bindings/python: The configuration failed


# try again with -L$python_LIBDIR: ['/usr/lib']

---------------------------------------------------------
Checking for library python27 in LIBDIR
==>

int main() {
	return 0;
}

<==
[1/2] [32mcxx: build/.conf_check_aca5ebc4e02cf4ee916c3308e665d309/test.cpp -> build/.conf_check_aca5ebc4e02cf4ee916c3308e665d309/testbuild/test.cpp.1.o
[0m
['/usr/bin/g++', '-O0', '-ggdb', '-g3', '-Wall', '-Werror', '-fno-strict-aliasing', '-fwrapv', '-fstack-protector-strong', '-DNS3_ASSERT_ENABLE', '-DNS3_LOG_ENABLE', '-DDL=1', '-DXML2=1', '-DSQLITE3=1', '-DHAVE_IF_TUN_H=1', '-DPYTHONDIR="/usr/local/lib/python2.7/dist-packages"', '-DPYTHONARCHDIR="/usr/local/lib/python2.7/dist-packages"', '-DNDEBUG', '-D_FORTIFY_SOURCE=2', '../test.cpp', '-c', '-o', 'test.cpp.1.o']
err: cc1plus: error: unrecognized command line option "-fstack-protector-strong"

from /home/yann/291/Proj1/ntu-dsi-dcn-portland/bindings/python: Test does not build: Traceback (most recent call last):
  File "/home/yann/291/Proj1/ntu-dsi-dcn-portland/.waf-1.6.7-0a94702c61504c487a251b8d0a04ca9a/waflib/Tools/c_config.py", line 435, in run_c_code
    bld.compile()
  File "/home/yann/291/Proj1/ntu-dsi-dcn-portland/.waf-1.6.7-0a94702c61504c487a251b8d0a04ca9a/waflib/Build.py", line 193, in compile
    raise Errors.BuildError(self.producer.error)
BuildError: Build failed
 -> task failed (exit status 1): 
	{task 140259278874832: cxx test.cpp -> test.cpp.1.o}
['/usr/bin/g++', '-O0', '-ggdb', '-g3', '-Wall', '-Werror', '-fno-strict-aliasing', '-fwrapv', '-fstack-protector-strong', '-DNS3_ASSERT_ENABLE', '-DNS3_LOG_ENABLE', '-DDL=1', '-DXML2=1', '-DSQLITE3=1', '-DHAVE_IF_TUN_H=1', '-DPYTHONDIR="/usr/local/lib/python2.7/dist-packages"', '-DPYTHONARCHDIR="/usr/local/lib/python2.7/dist-packages"', '-DNDEBUG', '-D_FORTIFY_SOURCE=2', '../test.cpp', '-c', '-o', 'test.cpp.1.o']

not found
from /home/yann/291/Proj1/ntu-dsi-dcn-portland/bindings/python: The configuration failed


# try again with -L$python_LIBPL (some systems don't install the python library in $prefix/lib)

---------------------------------------------------------
Checking for library python27 in python_LIBPL
==>

int main() {
	return 0;
}

<==
[1/2] [32mcxx: build/.conf_check_f928e99f5ec2b461eb401d0a7a439d8c/test.cpp -> build/.conf_check_f928e99f5ec2b461eb401d0a7a439d8c/testbuild/test.cpp.1.o
[0m
['/usr/bin/g++', '-O0', '-ggdb', '-g3', '-Wall', '-Werror', '-fno-strict-aliasing', '-fwrapv', '-fstack-protector-strong', '-DNS3_ASSERT_ENABLE', '-DNS3_LOG_ENABLE', '-DDL=1', '-DXML2=1', '-DSQLITE3=1', '-DHAVE_IF_TUN_H=1', '-DPYTHONDIR="/usr/local/lib/python2.7/dist-packages"', '-DPYTHONARCHDIR="/usr/local/lib/python2.7/dist-packages"', '-DNDEBUG', '-D_FORTIFY_SOURCE=2', '../test.cpp', '-c', '-o', 'test.cpp.1.o']
err: cc1plus: error: unrecognized command line option "-fstack-protector-strong"

from /home/yann/291/Proj1/ntu-dsi-dcn-portland/bindings/python: Test does not build: Traceback (most recent call last):
  File "/home/yann/291/Proj1/ntu-dsi-dcn-portland/.waf-1.6.7-0a94702c61504c487a251b8d0a04ca9a/waflib/Tools/c_config.py", line 435, in run_c_code
    bld.compile()
  File "/home/yann/291/Proj1/ntu-dsi-dcn-portland/.waf-1.6.7-0a94702c61504c487a251b8d0a04ca9a/waflib/Build.py", line 193, in compile
    raise Errors.BuildError(self.producer.error)
BuildError: Build failed
 -> task failed (exit status 1): 
	{task 140259278874640: cxx test.cpp -> test.cpp.1.o}
['/usr/bin/g++', '-O0', '-ggdb', '-g3', '-Wall', '-Werror', '-fno-strict-aliasing', '-fwrapv', '-fstack-protector-strong', '-DNS3_ASSERT_ENABLE', '-DNS3_LOG_ENABLE', '-DDL=1', '-DXML2=1', '-DSQLITE3=1', '-DHAVE_IF_TUN_H=1', '-DPYTHONDIR="/usr/local/lib/python2.7/dist-packages"', '-DPYTHONARCHDIR="/usr/local/lib/python2.7/dist-packages"', '-DNDEBUG', '-D_FORTIFY_SOURCE=2', '../test.cpp', '-c', '-o', 'test.cpp.1.o']

not found
from /home/yann/291/Proj1/ntu-dsi-dcn-portland/bindings/python: The configuration failed


# try again with -L$prefix/libs, and pythonXY name rather than pythonX.Y (win32)

---------------------------------------------------------
Checking for library python27 in $prefix/libs
==>

int main() {
	return 0;
}

<==
[1/2] [32mcxx: build/.conf_check_cb939dacdffe5b4601a3d7955f085559/test.cpp -> build/.conf_check_cb939dacdffe5b4601a3d7955f085559/testbuild/test.cpp.1.o
[0m
['/usr/bin/g++', '-O0', '-ggdb', '-g3', '-Wall', '-Werror', '-fno-strict-aliasing', '-fwrapv', '-fstack-protector-strong', '-DNS3_ASSERT_ENABLE', '-DNS3_LOG_ENABLE', '-DDL=1', '-DXML2=1', '-DSQLITE3=1', '-DHAVE_IF_TUN_H=1', '-DPYTHONDIR="/usr/local/lib/python2.7/dist-packages"', '-DPYTHONARCHDIR="/usr/local/lib/python2.7/dist-packages"', '-DNDEBUG', '-D_FORTIFY_SOURCE=2', '../test.cpp', '-c', '-o', 'test.cpp.1.o']
err: cc1plus: error: unrecognized command line option "-fstack-protector-strong"

from /home/yann/291/Proj1/ntu-dsi-dcn-portland/bindings/python: Test does not build: Traceback (most recent call last):
  File "/home/yann/291/Proj1/ntu-dsi-dcn-portland/.waf-1.6.7-0a94702c61504c487a251b8d0a04ca9a/waflib/Tools/c_config.py", line 435, in run_c_code
    bld.compile()
  File "/home/yann/291/Proj1/ntu-dsi-dcn-portland/.waf-1.6.7-0a94702c61504c487a251b8d0a04ca9a/waflib/Build.py", line 193, in compile
    raise Errors.BuildError(self.producer.error)
BuildError: Build failed
 -> task failed (exit status 1): 
	{task 140259278925008: cxx test.cpp -> test.cpp.1.o}
['/usr/bin/g++', '-O0', '-ggdb', '-g3', '-Wall', '-Werror', '-fno-strict-aliasing', '-fwrapv', '-fstack-protector-strong', '-DNS3_ASSERT_ENABLE', '-DNS3_LOG_ENABLE', '-DDL=1', '-DXML2=1', '-DSQLITE3=1', '-DHAVE_IF_TUN_H=1', '-DPYTHONDIR="/usr/local/lib/python2.7/dist-packages"', '-DPYTHONARCHDIR="/usr/local/lib/python2.7/dist-packages"', '-DNDEBUG', '-D_FORTIFY_SOURCE=2', '../test.cpp', '-c', '-o', 'test.cpp.1.o']

not found
from /home/yann/291/Proj1/ntu-dsi-dcn-portland/bindings/python: The configuration failed


### LIB NOT FOUND

-------------------------------------------------------------------------
Checking for program python2.7-config,python-config-2.7,python2.7m-config
/usr/bin/python2.7-config
find program=['python2.7-config', 'python-config-2.7', 'python2.7m-config'] paths=['/home/yann/bin', '/home/yann/.local/bin', '/usr/local/sbin', '/usr/local/bin', '/usr/sbin', '/usr/bin', '/sbin', '/bin', '/usr/games', '/usr/local/games', '/snap/bin'] var='PYTHON_CONFIG' -> '/usr/bin/python2.7-config'
['/usr/bin/python2.7-config', '--includes']
out: -I/usr/include/python2.7 -I/usr/include/x86_64-linux-gnu/python2.7

Include path for Python extensions (found via python-config --includes): ['/usr/include/python2.7', '/usr/include/x86_64-linux-gnu/python2.7']

-------------------------------------------------------------------------
Checking for header Python.h
==>

#include <Python.h>
#ifdef __cplusplus
extern "C" {
#endif
	void Py_Initialize(void);
	void Py_Finalize(void);
#ifdef __cplusplus
}
#endif
int main()
{
   Py_Initialize();
   Py_Finalize();
   return 0;
}

<==
[1/2] [32mcxx: build/.conf_check_d6c8946949ece91ce43c989711393fec/test.cpp -> build/.conf_check_d6c8946949ece91ce43c989711393fec/testbuild/test.cpp.1.o
[0m
['/usr/bin/g++', '-O0', '-ggdb', '-g3', '-Wall', '-Werror', '-fno-strict-aliasing', '-fwrapv', '-fstack-protector-strong', '-fno-strict-aliasing', '-I/usr/include/python2.7', '-I/usr/include/x86_64-linux-gnu/python2.7', '-DNS3_ASSERT_ENABLE', '-DNS3_LOG_ENABLE', '-DDL=1', '-DXML2=1', '-DSQLITE3=1', '-DHAVE_IF_TUN_H=1', '-DPYTHONDIR="/usr/local/lib/python2.7/dist-packages"', '-DPYTHONARCHDIR="/usr/local/lib/python2.7/dist-packages"', '-DNDEBUG', '-D_FORTIFY_SOURCE=2', '../test.cpp', '-c', '-o', 'test.cpp.1.o']
err: cc1plus: error: unrecognized command line option "-fstack-protector-strong"

from /home/yann/291/Proj1/ntu-dsi-dcn-portland/bindings/python: Test does not build: Traceback (most recent call last):
  File "/home/yann/291/Proj1/ntu-dsi-dcn-portland/.waf-1.6.7-0a94702c61504c487a251b8d0a04ca9a/waflib/Tools/c_config.py", line 435, in run_c_code
    bld.compile()
  File "/home/yann/291/Proj1/ntu-dsi-dcn-portland/.waf-1.6.7-0a94702c61504c487a251b8d0a04ca9a/waflib/Build.py", line 193, in compile
    raise Errors.BuildError(self.producer.error)
BuildError: Build failed
 -> task failed (exit status 1): 
	{task 140259278923856: cxx test.cpp -> test.cpp.1.o}
['/usr/bin/g++', '-O0', '-ggdb', '-g3', '-Wall', '-Werror', '-fno-strict-aliasing', '-fwrapv', '-fstack-protector-strong', '-fno-strict-aliasing', '-I/usr/include/python2.7', '-I/usr/include/x86_64-linux-gnu/python2.7', '-DNS3_ASSERT_ENABLE', '-DNS3_LOG_ENABLE', '-DDL=1', '-DXML2=1', '-DSQLITE3=1', '-DHAVE_IF_TUN_H=1', '-DPYTHONDIR="/usr/local/lib/python2.7/dist-packages"', '-DPYTHONARCHDIR="/usr/local/lib/python2.7/dist-packages"', '-DNDEBUG', '-D_FORTIFY_SOURCE=2', '../test.cpp', '-c', '-o', 'test.cpp.1.o']

Could not find the python development headers
from /home/yann/291/Proj1/ntu-dsi-dcn-portland/bindings/python: The configuration failed
-------------------------------------------------------------------------
Checking for '/usr/bin/python2.7-config'
['/usr/bin/python2.7-config', '--cflags', '--libs']
out: -I/usr/include/python2.7 -I/usr/include/x86_64-linux-gnu/python2.7  -fno-strict-aliasing -Wdate-time -D_FORTIFY_SOURCE=2 -g -fstack-protector-strong -Wformat -Werror=format-security  -DNDEBUG -g -fwrapv -O2 -Wall -Wstrict-prototypes
-lpython2.7 -lpthread -ldl  -lutil -lm 

yes
-------------------------------------------------------------------------
Getting the python flags from python-config
==>

#include <Python.h>
#ifdef __cplusplus
extern "C" {
#endif
	void Py_Initialize(void);
	void Py_Finalize(void);
#ifdef __cplusplus
}
#endif
int main()
{
   Py_Initialize();
   Py_Finalize();
   return 0;
}

<==
[1/2] [32mcxx: build/.conf_check_e0e3dfaa958b36e81238a071a124f9d4/test.cpp -> build/.conf_check_e0e3dfaa958b36e81238a071a124f9d4/testbuild/test.cpp.1.o
[0m
['/usr/bin/g++', '-O0', '-ggdb', '-g3', '-Wall', '-Werror', '-fno-strict-aliasing', '-fwrapv', '-fstack-protector-strong', '-fno-strict-aliasing', '-fno-strict-aliasing', '-fstack-protector-strong', '-fwrapv', '-I/usr/include/python2.7', '-I/usr/include/x86_64-linux-gnu/python2.7', '-DNS3_ASSERT_ENABLE', '-DNS3_LOG_ENABLE', '-DDL=1', '-DXML2=1', '-DSQLITE3=1', '-DHAVE_IF_TUN_H=1', '-DPYTHONDIR="/usr/local/lib/python2.7/dist-packages"', '-DPYTHONARCHDIR="/usr/local/lib/python2.7/dist-packages"', '-DHAVE_PYEMBED=1', '-DNDEBUG', '-D_FORTIFY_SOURCE=2', '-D_FORTIFY_SOURCE=2', '-DNDEBUG', '../test.cpp', '-c', '-o', 'test.cpp.1.o']
err: cc1plus: error: unrecognized command line option "-fstack-protector-strong"
cc1plus: error: unrecognized command line option "-fstack-protector-strong"

from /home/yann/291/Proj1/ntu-dsi-dcn-portland/bindings/python: Test does not build: Traceback (most recent call last):
  File "/home/yann/291/Proj1/ntu-dsi-dcn-portland/.waf-1.6.7-0a94702c61504c487a251b8d0a04ca9a/waflib/Tools/c_config.py", line 435, in run_c_code
    bld.compile()
  File "/home/yann/291/Proj1/ntu-dsi-dcn-portland/.waf-1.6.7-0a94702c61504c487a251b8d0a04ca9a/waflib/Build.py", line 193, in compile
    raise Errors.BuildError(self.producer.error)
BuildError: Build failed
 -> task failed (exit status 1): 
	{task 140259278925648: cxx test.cpp -> test.cpp.1.o}
['/usr/bin/g++', '-O0', '-ggdb', '-g3', '-Wall', '-Werror', '-fno-strict-aliasing', '-fwrapv', '-fstack-protector-strong', '-fno-strict-aliasing', '-fno-strict-aliasing', '-fstack-protector-strong', '-fwrapv', '-I/usr/include/python2.7', '-I/usr/include/x86_64-linux-gnu/python2.7', '-DNS3_ASSERT_ENABLE', '-DNS3_LOG_ENABLE', '-DDL=1', '-DXML2=1', '-DSQLITE3=1', '-DHAVE_IF_TUN_H=1', '-DPYTHONDIR="/usr/local/lib/python2.7/dist-packages"', '-DPYTHONARCHDIR="/usr/local/lib/python2.7/dist-packages"', '-DHAVE_PYEMBED=1', '-DNDEBUG', '-D_FORTIFY_SOURCE=2', '-D_FORTIFY_SOURCE=2', '-DNDEBUG', '../test.cpp', '-c', '-o', 'test.cpp.1.o']

Could not find the python development headers elsewhere
from /home/yann/291/Proj1/ntu-dsi-dcn-portland/bindings/python: The configuration failed
-------------------------------------------------------------------------
Checking for program sudo
/usr/bin/sudo
find program=['sudo'] paths=['/home/yann/bin', '/home/yann/.local/bin', '/usr/local/sbin', '/usr/local/bin', '/usr/sbin', '/usr/bin', '/sbin', '/bin', '/usr/games', '/usr/local/games', '/snap/bin'] var='SUDO' -> '/usr/bin/sudo'
-------------------------------------------------------------------------
Checking for program valgrind
/usr/bin/valgrind
find program=['valgrind'] paths=['/home/yann/bin', '/home/yann/.local/bin', '/usr/local/sbin', '/usr/local/bin', '/usr/sbin', '/usr/bin', '/sbin', '/bin', '/usr/games', '/usr/local/games', '/snap/bin'] var='VALGRIND' -> '/usr/bin/valgrind'
-------------------------------------------------------------------------
Checking for pkg-config flags for GSL
['/usr/bin/pkg-config', '--cflags', '--libs', 'gsl']: '' (exit code 1)
Package gsl was not found in the pkg-config search path.
Perhaps you should add the directory containing `gsl.pc'
to the PKG_CONFIG_PATH environment variable
No package 'gsl' found

not found
-------------------------------------------------------------------------
Checking for compilation flag -Wno-error=deprecated-d... support
==>
#include <stdio.h>
int main() { return 0; }

<==
[1/2] [32mcxx: build/.conf_check_fe0ca542f39064c5a14ee41a2e983996/test.cc -> build/.conf_check_fe0ca542f39064c5a14ee41a2e983996/testbuild/test.cc.1.o
[0m
['/usr/bin/g++', '-O0', '-ggdb', '-g3', '-Wall', '-Werror', '-Wno-error=deprecated-declarations', '-DNS3_ASSERT_ENABLE', '-DNS3_LOG_ENABLE', '-DDL=1', '-DXML2=1', '-DSQLITE3=1', '-DHAVE_IF_TUN_H=1', '-DPYTHONDIR="/usr/local/lib/python2.7/dist-packages"', '-DPYTHONARCHDIR="/usr/local/lib/python2.7/dist-packages"', '-DHAVE_PYEMBED=1', '../test.cc', '-c', '-o', 'test.cc.1.o']
[2/2] [33mcxxprogram: build/.conf_check_fe0ca542f39064c5a14ee41a2e983996/testbuild/test.cc.1.o -> build/.conf_check_fe0ca542f39064c5a14ee41a2e983996/testbuild/testprog
[0m
['/usr/bin/g++', 'test.cc.1.o', '-o', '/home/yann/291/Proj1/ntu-dsi-dcn-portland/build/.conf_check_fe0ca542f39064c5a14ee41a2e983996/testbuild/testprog', '-Wl,-Bstatic', '-Wl,-Bdynamic']
ok
-------------------------------------------------------------------------
Checking for compilation flag -Wno-error=deprecated-d... support
==>
#include <stdio.h>
int main() { return 0; }

<==
[1/2] [32mc: build/.conf_check_d8a2c40aecfb7c8eac7dd03fcbfb1110/test.c -> build/.conf_check_d8a2c40aecfb7c8eac7dd03fcbfb1110/testbuild/test.c.1.o
[0m
['/usr/bin/gcc', '-Wno-error=deprecated-declarations', '-DNS3_ASSERT_ENABLE', '-DNS3_LOG_ENABLE', '-DDL=1', '-DXML2=1', '-DSQLITE3=1', '-DHAVE_IF_TUN_H=1', '-DPYTHONDIR="/usr/local/lib/python2.7/dist-packages"', '-DPYTHONARCHDIR="/usr/local/lib/python2.7/dist-packages"', '-DHAVE_PYEMBED=1', '../test.c', '-c', '-o', 'test.c.1.o']
[2/2] [33mcprogram: build/.conf_check_d8a2c40aecfb7c8eac7dd03fcbfb1110/testbuild/test.c.1.o -> build/.conf_check_d8a2c40aecfb7c8eac7dd03fcbfb1110/testbuild/testprog
[0m
['/usr/bin/gcc', 'test.c.1.o', '-o', '/home/yann/291/Proj1/ntu-dsi-dcn-portland/build/.conf_check_d8a2c40aecfb7c8eac7dd03fcbfb1110/testbuild/testprog', '-Wl,-Bstatic', '-Wl,-Bdynamic']
ok
-------------------------------------------------------------------------
Checking for compilation flag -fstrict-aliasing... support
==>
#include <stdio.h>
int main() { return 0; }

<==
[1/2] [32mcxx: build/.conf_check_fe0ca542f39064c5a14ee41a2e983996/test.cc -> build/.conf_check_fe0ca542f39064c5a14ee41a2e983996/testbuild/test.cc.1.o
[0m
['/usr/bin/g++', '-O0', '-ggdb', '-g3', '-Wall', '-Werror', '-Wno-error=deprecated-declarations', '-fstrict-aliasing', '-DNS3_ASSERT_ENABLE', '-DNS3_LOG_ENABLE', '-DDL=1', '-DXML2=1', '-DSQLITE3=1', '-DHAVE_IF_TUN_H=1', '-DPYTHONDIR="/usr/local/lib/python2.7/dist-packages"', '-DPYTHONARCHDIR="/usr/local/lib/python2.7/dist-packages"', '-DHAVE_PYEMBED=1', '../test.cc', '-c', '-o', 'test.cc.1.o']
[2/2] [33mcxxprogram: build/.conf_check_fe0ca542f39064c5a14ee41a2e983996/testbuild/test.cc.1.o -> build/.conf_check_fe0ca542f39064c5a14ee41a2e983996/testbuild/testprog
[0m
['/usr/bin/g++', 'test.cc.1.o', '-o', '/home/yann/291/Proj1/ntu-dsi-dcn-portland/build/.conf_check_fe0ca542f39064c5a14ee41a2e983996/testbuild/testprog', '-Wl,-Bstatic', '-Wl,-Bdynamic']
ok
-------------------------------------------------------------------------
Checking for compilation flag -fstrict-aliasing... support
==>
#include <stdio.h>
int main() { return 0; }

<==
[1/2] [32mc: build/.conf_check_d8a2c40aecfb7c8eac7dd03fcbfb1110/test.c -> build/.conf_check_d8a2c40aecfb7c8eac7dd03fcbfb1110/testbuild/test.c.1.o
[0m
['/usr/bin/gcc', '-fstrict-aliasing', '-DNS3_ASSERT_ENABLE', '-DNS3_LOG_ENABLE', '-DDL=1', '-DXML2=1', '-DSQLITE3=1', '-DHAVE_IF_TUN_H=1', '-DPYTHONDIR="/usr/local/lib/python2.7/dist-packages"', '-DPYTHONARCHDIR="/usr/local/lib/python2.7/dist-packages"', '-DHAVE_PYEMBED=1', '../test.c', '-c', '-o', 'test.c.1.o']
[2/2] [33mcprogram: build/.conf_check_d8a2c40aecfb7c8eac7dd03fcbfb1110/testbuild/test.c.1.o -> build/.conf_check_d8a2c40aecfb7c8eac7dd03fcbfb1110/testbuild/testprog
[0m
['/usr/bin/gcc', 'test.c.1.o', '-o', '/home/yann/291/Proj1/ntu-dsi-dcn-portland/build/.conf_check_d8a2c40aecfb7c8eac7dd03fcbfb1110/testbuild/testprog', '-Wl,-Bstatic', '-Wl,-Bdynamic']
ok
-------------------------------------------------------------------------
Checking for compilation flag -Wstrict-aliasing... support
==>
#include <stdio.h>
int main() { return 0; }

<==
[1/2] [32mcxx: build/.conf_check_fe0ca542f39064c5a14ee41a2e983996/test.cc -> build/.conf_check_fe0ca542f39064c5a14ee41a2e983996/testbuild/test.cc.1.o
[0m
['/usr/bin/g++', '-O0', '-ggdb', '-g3', '-Wall', '-Werror', '-Wno-error=deprecated-declarations', '-fstrict-aliasing', '-Wstrict-aliasing', '-DNS3_ASSERT_ENABLE', '-DNS3_LOG_ENABLE', '-DDL=1', '-DXML2=1', '-DSQLITE3=1', '-DHAVE_IF_TUN_H=1', '-DPYTHONDIR="/usr/local/lib/python2.7/dist-packages"', '-DPYTHONARCHDIR="/usr/local/lib/python2.7/dist-packages"', '-DHAVE_PYEMBED=1', '../test.cc', '-c', '-o', 'test.cc.1.o']
[2/2] [33mcxxprogram: build/.conf_check_fe0ca542f39064c5a14ee41a2e983996/testbuild/test.cc.1.o -> build/.conf_check_fe0ca542f39064c5a14ee41a2e983996/testbuild/testprog
[0m
['/usr/bin/g++', 'test.cc.1.o', '-o', '/home/yann/291/Proj1/ntu-dsi-dcn-portland/build/.conf_check_fe0ca542f39064c5a14ee41a2e983996/testbuild/testprog', '-Wl,-Bstatic', '-Wl,-Bdynamic']
ok
-------------------------------------------------------------------------
Checking for compilation flag -Wstrict-aliasing... support
==>
#include <stdio.h>
int main() { return 0; }

<==
[1/2] [32mc: build/.conf_check_d8a2c40aecfb7c8eac7dd03fcbfb1110/test.c -> build/.conf_check_d8a2c40aecfb7c8eac7dd03fcbfb1110/testbuild/test.c.1.o
[0m
['/usr/bin/gcc', '-Wstrict-aliasing', '-DNS3_ASSERT_ENABLE', '-DNS3_LOG_ENABLE', '-DDL=1', '-DXML2=1', '-DSQLITE3=1', '-DHAVE_IF_TUN_H=1', '-DPYTHONDIR="/usr/local/lib/python2.7/dist-packages"', '-DPYTHONARCHDIR="/usr/local/lib/python2.7/dist-packages"', '-DHAVE_PYEMBED=1', '../test.c', '-c', '-o', 'test.c.1.o']
[2/2] [33mcprogram: build/.conf_check_d8a2c40aecfb7c8eac7dd03fcbfb1110/testbuild/test.c.1.o -> build/.conf_check_d8a2c40aecfb7c8eac7dd03fcbfb1110/testbuild/testprog
[0m
['/usr/bin/gcc', 'test.c.1.o', '-o', '/home/yann/291/Proj1/ntu-dsi-dcn-portland/build/.conf_check_d8a2c40aecfb7c8eac7dd03fcbfb1110/testbuild/testprog', '-Wl,-Bstatic', '-Wl,-Bdynamic']
ok
-------------------------------------------------------------------------
Checking for program doxygen
/usr/bin/doxygen
find program=['doxygen'] paths=['/home/yann/bin', '/home/yann/.local/bin', '/usr/local/sbin', '/usr/local/bin', '/usr/sbin', '/usr/bin', '/sbin', '/bin', '/usr/games', '/usr/local/games', '/snap/bin'] var='DOXYGEN' -> '/usr/bin/doxygen'
